<?xml version="1.0" encoding="UTF-8"?>
<!-- Generated by org.testng.reporters.JUnitXMLReporter -->
<testsuite ignored="8" hostname="Gretos-Asus" failures="0" tests="1" name="Default test" time="12.709" errors="0" timestamp="2020-01-16T18:54:25 EET">
  <testcase classname="tests.LoginTest" name="Should_NotBeAbleToLogin_When_PasswordContainsNewLineCharacters" time="1.313"/>
  <testcase classname="tests.LoginTest" name="Should_NotBeAbleToLogin_When_PasswordIsCrossSiteScripted" time="0.0">
    <ignored/>
  </testcase> <!-- Should_NotBeAbleToLogin_When_PasswordIsCrossSiteScripted -->
  <testcase classname="tests.LoginTest" name="Should_NotBeAbleToLogin_When_UserNameIsInvalid" time="0.0">
    <ignored/>
  </testcase> <!-- Should_NotBeAbleToLogin_When_UserNameIsInvalid -->
  <testcase classname="tests.LoginTest" name="Should_NotBeAbleToLogin_When_PasswordContainsSymbols" time="0.0">
    <ignored/>
  </testcase> <!-- Should_NotBeAbleToLogin_When_PasswordContainsSymbols -->
  <testcase classname="tests.LoginTest" name="Should_NotBeAbleToLogin_When_PasswordIsInvalid" time="0.0">
    <ignored/>
  </testcase> <!-- Should_NotBeAbleToLogin_When_PasswordIsInvalid -->
  <testcase classname="tests.LoginTest" name="Should_BeAbleToLogin_When_UserNameAndPasswordAreValid" time="0.0">
    <ignored/>
  </testcase> <!-- Should_BeAbleToLogin_When_UserNameAndPasswordAreValid -->
  <testcase classname="tests.LoginTest" name="Should_NotBeAbleToLogin_When_PasswordIsEmptyStrings" time="0.0">
    <ignored/>
  </testcase> <!-- Should_NotBeAbleToLogin_When_PasswordIsEmptyStrings -->
  <testcase classname="tests.LoginTest" name="Should_NotBeAbleToLogin_When_PasswordContainsSQL" time="0.0">
    <ignored/>
  </testcase> <!-- Should_NotBeAbleToLogin_When_PasswordContainsSQL -->
  <testcase classname="tests.LoginTest" name="Should_NotBeAbleToLogin_When_PasswordContainsScript" time="0.0">
    <ignored/>
  </testcase> <!-- Should_NotBeAbleToLogin_When_PasswordContainsScript -->
</testsuite> <!-- Default test -->
